<?xml version="1.0" encoding="UTF-8"?>
<testng-results skipped="0" failed="0" total="1" passed="1">
  <reporter-output>
  </reporter-output>
  <suite name="All Test Suite" duration-ms="11757" started-at="2021-03-28T18:45:49Z" finished-at="2021-03-28T18:46:01Z">
    <groups>
    </groups>
    <test name="C:/Users/adity/workspace/cucumber-project" duration-ms="11757" started-at="2021-03-28T18:45:49Z" finished-at="2021-03-28T18:46:01Z">
      <class name="com.ntrs.thb.TestOutbound">
        <test-method status="PASS" signature="beforeSuite(java.lang.String, java.lang.String)[pri:0, instance:com.ntrs.thb.TestOutbound@60addb54]" name="beforeSuite" is-config="true" duration-ms="803" started-at="2021-03-28T13:45:48Z" finished-at="2021-03-28T13:45:49Z">
          <params>
            <param index="0">
              <value>
                <![CDATA[INT]]>
              </value>
            </param>
            <param index="1">
              <value>
                <![CDATA[THB]]>
              </value>
            </param>
          </params>
          <reporter-output>
          </reporter-output>
        </test-method> <!-- beforeSuite -->
        <test-method status="PASS" signature="beforeTest()[pri:0, instance:com.ntrs.thb.TestOutbound@60addb54]" name="beforeTest" is-config="true" duration-ms="0" started-at="2021-03-28T13:45:49Z" finished-at="2021-03-28T13:45:49Z">
          <reporter-output>
          </reporter-output>
        </test-method> <!-- beforeTest -->
        <test-method status="PASS" signature="createOrder()[pri:0, instance:com.ntrs.thb.TestOutbound@60addb54]" name="createOrder" duration-ms="11751" started-at="2021-03-28T13:45:49Z" finished-at="2021-03-28T13:46:01Z">
          <reporter-output>
          </reporter-output>
        </test-method> <!-- createOrder -->
      </class> <!-- com.ntrs.thb.TestOutbound -->
    </test> <!-- C:/Users/adity/workspace/cucumber-project -->
  </suite> <!-- All Test Suite -->
</testng-results>
